<?xml version="1.0" encoding="UTF-8"?>
<!-- Generated by org.testng.reporters.JUnitReportReporter -->
<testsuite hostname="DESKTOP-A59L0MA" failures="0" tests="4" name="api.test.UserTests2" time="5.555" errors="0" timestamp="2024-11-25T17:55:02 IST" skipped="0">
  <testcase classname="api.test.UserTests2" name="testCreateUser" time="1.129"/>
  <testcase classname="api.test.UserTests2" name="testGetUserByUserName" time="1.127"/>
  <testcase classname="api.test.UserTests2" name="testUpdateUserByUserName" time="2.221"/>
  <testcase classname="api.test.UserTests2" name="testDeleteUserByUserName" time="1.078"/>
</testsuite> <!-- api.test.UserTests2 -->
