<?xml version="1.0" encoding="UTF-8"?>
<!-- Generated by org.testng.reporters.JUnitReportReporter -->
<testsuite hostname="DESKTOP-A59L0MA" failures="0" tests="9" name="api.test.DDTests" time="13.496" errors="0" timestamp="2024-11-25T15:48:06 IST" skipped="0">
  <testcase classname="api.test.DDTests" name="createUserDD" time="1.143"/>
  <testcase classname="api.test.DDTests" name="createUserDD" time="3.943"/>
  <testcase classname="api.test.DDTests" name="createUserDD" time="1.106"/>
  <testcase classname="api.test.DDTests" name="getUserDD" time="1.153"/>
  <testcase classname="api.test.DDTests" name="getUserDD" time="1.409"/>
  <testcase classname="api.test.DDTests" name="getUserDD" time="1.149"/>
  <testcase classname="api.test.DDTests" name="deleteUserDD" time="1.164"/>
  <testcase classname="api.test.DDTests" name="deleteUserDD" time="1.145"/>
  <testcase classname="api.test.DDTests" name="deleteUserDD" time="1.284"/>
</testsuite> <!-- api.test.DDTests -->
