<?xml version="1.0" encoding="UTF-8"?>
<!-- Generated by org.testng.reporters.JUnitReportReporter -->
<testsuite hostname="DESKTOP-A59L0MA" failures="0" tests="4" name="api.test.UserTests" time="7.588" errors="0" timestamp="2024-11-25T17:55:02 IST" skipped="0">
  <testcase classname="api.test.UserTests" name="testCreateUser" time="3.088"/>
  <testcase classname="api.test.UserTests" name="testGetUserByUserName" time="1.159"/>
  <testcase classname="api.test.UserTests" name="testUpdateUserByUserName" time="2.191"/>
  <testcase classname="api.test.UserTests" name="testDeleteUserByUserName" time="1.150"/>
</testsuite> <!-- api.test.UserTests -->
